<?xml version="1.0" encoding="UTF-8"?>
<!-- Generated by org.testng.reporters.JUnitXMLReporter -->
<testsuite ignored="0" hostname="LAPTOP-FCOBB088" failures="0" tests="6" name="Test" time="34.205" errors="0" timestamp="2024-12-25T17:35:00 IST">
  <testcase classname="TestLayer.LoginPageTest" name="validateLoginFunctionality" time="7.834"/>
  <testcase classname="TestLayer.HomePageTest" name="validateHomePage" time="2.189"/>
  <testcase classname="TestLayer.ContactsPageTest" name="validateContactsPage" time="4.668"/>
  <testcase classname="TestLayer.DealsPageTest" name="validateDealsPage" time="13.407"/>
  <testcase classname="TestLayer.CompaniesPageTest" name="validateCompaniesPage" time="2.913"/>
  <testcase classname="TestLayer.LogoutPageTest" name="validateLogoutPage" time="0.233"/>
</testsuite> <!-- Test -->
