<?xml version="1.0" encoding="UTF-8"?>
<testng-results ignored="0" total="6" passed="6" failed="0" skipped="0">
  <reporter-output>
  </reporter-output>
  <suite started-at="2024-12-25T17:34:26 IST" name="Suite" finished-at="2024-12-25T17:35:00 IST" duration-ms="34205">
    <groups>
    </groups>
    <test started-at="2024-12-25T17:34:26 IST" name="Test" finished-at="2024-12-25T17:35:00 IST" duration-ms="34205">
      <class name="TestLayer.CompaniesPageTest">
        <test-method signature="validateCompaniesPage()[pri:0, instance:TestLayer.CompaniesPageTest@34a3d150]" started-at="2024-12-25T17:34:57 IST" name="validateCompaniesPage" finished-at="2024-12-25T17:35:00 IST" duration-ms="2913" status="PASS">
          <reporter-output>
          </reporter-output>
        </test-method> <!-- validateCompaniesPage -->
      </class> <!-- TestLayer.CompaniesPageTest -->
      <class name="TestLayer.DealsPageTest">
        <test-method signature="validateDealsPage()[pri:0, instance:TestLayer.DealsPageTest@31304f14]" started-at="2024-12-25T17:34:44 IST" name="validateDealsPage" finished-at="2024-12-25T17:34:57 IST" duration-ms="13407" status="PASS">
          <reporter-output>
          </reporter-output>
        </test-method> <!-- validateDealsPage -->
      </class> <!-- TestLayer.DealsPageTest -->
      <class name="TestLayer.HomePageTest">
        <test-method signature="validateHomePage()[pri:0, instance:TestLayer.HomePageTest@4135c3b]" started-at="2024-12-25T17:34:37 IST" name="validateHomePage" finished-at="2024-12-25T17:34:39 IST" duration-ms="2189" status="PASS">
          <reporter-output>
          </reporter-output>
        </test-method> <!-- validateHomePage -->
      </class> <!-- TestLayer.HomePageTest -->
      <class name="TestLayer.LogoutPageTest">
        <test-method signature="validateLogoutPage()[pri:0, instance:TestLayer.LogoutPageTest@2a4fb17b]" started-at="2024-12-25T17:35:00 IST" name="validateLogoutPage" finished-at="2024-12-25T17:35:00 IST" duration-ms="233" status="PASS">
          <reporter-output>
          </reporter-output>
        </test-method> <!-- validateLogoutPage -->
      </class> <!-- TestLayer.LogoutPageTest -->
      <class name="TestLayer.LoginPageTest">
        <test-method is-config="true" signature="setUp()[pri:0, instance:TestLayer.LoginPageTest@689604d9]" started-at="2024-12-25T17:34:26 IST" name="setUp" finished-at="2024-12-25T17:34:29 IST" duration-ms="2885" status="PASS">
          <reporter-output>
          </reporter-output>
        </test-method> <!-- setUp -->
        <test-method signature="validateLoginFunctionality()[pri:0, instance:TestLayer.LoginPageTest@689604d9]" started-at="2024-12-25T17:34:29 IST" name="validateLoginFunctionality" finished-at="2024-12-25T17:34:37 IST" duration-ms="7834" status="PASS">
          <reporter-output>
          </reporter-output>
        </test-method> <!-- validateLoginFunctionality -->
      </class> <!-- TestLayer.LoginPageTest -->
      <class name="TestLayer.ContactsPageTest">
        <test-method signature="validateContactsPage()[pri:0, instance:TestLayer.ContactsPageTest@6302bbb1]" started-at="2024-12-25T17:34:39 IST" name="validateContactsPage" finished-at="2024-12-25T17:34:44 IST" duration-ms="4668" status="PASS">
          <reporter-output>
          </reporter-output>
        </test-method> <!-- validateContactsPage -->
      </class> <!-- TestLayer.ContactsPageTest -->
    </test> <!-- Test -->
  </suite> <!-- Suite -->
</testng-results>
